<?xml version="1.0" encoding="UTF-8"?>
<testng-results skipped="0" failed="0" total="1" passed="1">
  <reporter-output>
  </reporter-output>
  <suite name="Command line suite" duration-ms="3758" started-at="2021-04-16T05:01:04Z" finished-at="2021-04-16T05:01:08Z">
    <groups>
    </groups>
    <test name="Command line test" duration-ms="3758" started-at="2021-04-16T05:01:04Z" finished-at="2021-04-16T05:01:08Z">
      <class name="com.AnyAUT.PrepareRun">
        <test-method status="PASS" signature="readSetUpData()[pri:0, instance:com.AnyAUT.PrepareRun@6ad5c04e]" name="readSetUpData" is-config="true" duration-ms="3400" started-at="2021-04-16T10:31:04Z" finished-at="2021-04-16T10:31:08Z">
          <reporter-output>
          </reporter-output>
        </test-method> <!-- readSetUpData -->
        <test-method status="PASS" signature="createRunSetUpData()[pri:0, instance:com.AnyAUT.PrepareRun@6ad5c04e]" name="createRunSetUpData" duration-ms="25" started-at="2021-04-16T10:31:08Z" finished-at="2021-04-16T10:31:08Z">
          <reporter-output>
          </reporter-output>
        </test-method> <!-- createRunSetUpData -->
        <test-method status="PASS" signature="writeRunSetupData()[pri:0, instance:com.AnyAUT.PrepareRun@6ad5c04e]" name="writeRunSetupData" is-config="true" duration-ms="306" started-at="2021-04-16T10:31:08Z" finished-at="2021-04-16T10:31:08Z">
          <reporter-output>
          </reporter-output>
        </test-method> <!-- writeRunSetupData -->
      </class> <!-- com.AnyAUT.PrepareRun -->
    </test> <!-- Command line test -->
  </suite> <!-- Command line suite -->
</testng-results>
